<?xml version="1.0" encoding="UTF-8"?>
<!-- Generated by org.testng.reporters.JUnitReportReporter -->
<testsuite hostname="ExcelR" failures="0" tests="4" name="com.excelr.selenium.demo.DataproviderDemo" time="0.014" errors="0" timestamp="2025-07-21T08:44:28 IST" skipped="0">
  <testcase classname="com.excelr.selenium.demo.DataproviderDemo" name="login" time="0.009"/>
  <testcase classname="com.excelr.selenium.demo.DataproviderDemo" name="login" time="0.000"/>
  <testcase classname="com.excelr.selenium.demo.DataproviderDemo" name="login" time="0.004"/>
  <testcase classname="com.excelr.selenium.demo.DataproviderDemo" name="login" time="0.001"/>
</testsuite> <!-- com.excelr.selenium.demo.DataproviderDemo -->
