<?xml version="1.0" encoding="UTF-8"?>
<!-- Generated by org.testng.reporters.JUnitReportReporter -->
<testsuite hostname="ExcelR" failures="0" tests="3" name="com.excelr.selenium.demo.TestNg1" time="0.013" errors="0" timestamp="2025-07-21T07:30:58 IST" skipped="0">
  <testcase classname="com.excelr.selenium.demo.TestNg1" name="test1" time="0.009"/>
  <testcase classname="com.excelr.selenium.demo.TestNg1" name="test3" time="0.002"/>
  <testcase classname="com.excelr.selenium.demo.TestNg1" name="test2" time="0.002"/>
</testsuite> <!-- com.excelr.selenium.demo.TestNg1 -->
