<?xml version="1.0" encoding="UTF-8"?>
<!-- Generated by org.testng.reporters.JUnitReportReporter -->
<testsuite hostname="ExcelR" failures="0" tests="2" name="com.excelr.selenium.demo.TestNgGroup2" time="0.002" errors="0" timestamp="2025-07-21T08:29:24 IST" skipped="0">
  <testcase classname="com.excelr.selenium.demo.TestNgGroup2" name="testgropu22" time="0.001"/>
  <testcase classname="com.excelr.selenium.demo.TestNgGroup2" name="testgropu24" time="0.001"/>
</testsuite> <!-- com.excelr.selenium.demo.TestNgGroup2 -->
