<?xml version="1.0" encoding="UTF-8"?>
<!-- Generated by org.testng.reporters.JUnitReportReporter -->
<testsuite hostname="ExcelR" failures="0" tests="11" name="com.excelr.selenium.demo.TestNg3" time="0.031" errors="0" timestamp="2025-07-21T07:53:27 IST" skipped="0">
  <testcase classname="com.excelr.selenium.demo.TestNg3" name="test4" time="0.009"/>
  <testcase classname="com.excelr.selenium.demo.TestNg3" name="test1" time="0.001"/>
  <testcase classname="com.excelr.selenium.demo.TestNg3" name="test2" time="0.001"/>
  <testcase classname="com.excelr.selenium.demo.TestNg3" name="test5" time="0.002"/>
  <testcase classname="com.excelr.selenium.demo.TestNg3" name="test3" time="0.001"/>
  <testcase classname="com.excelr.selenium.demo.TestNg3" name="test3" time="0.003"/>
  <testcase classname="com.excelr.selenium.demo.TestNg3" name="test3" time="0.002"/>
  <testcase classname="com.excelr.selenium.demo.TestNg3" name="test3" time="0.007"/>
  <testcase classname="com.excelr.selenium.demo.TestNg3" name="test3" time="0.002"/>
  <testcase classname="com.excelr.selenium.demo.TestNg3" name="test3" time="0.002"/>
  <testcase classname="com.excelr.selenium.demo.TestNg3" name="test3" time="0.001"/>
</testsuite> <!-- com.excelr.selenium.demo.TestNg3 -->
