<?xml version="1.0" encoding="UTF-8"?>
<!-- Generated by org.testng.reporters.JUnitReportReporter -->
<testsuite hostname="ExcelR" failures="0" tests="1" name="com.excelr.selenium.demo.ShooperStack" time="15.057" errors="0" timestamp="2025-07-23T09:18:57 IST" skipped="0">
  <testcase classname="com.excelr.selenium.demo.ShooperStack" name="Login" time="15.057"/>
</testsuite> <!-- com.excelr.selenium.demo.ShooperStack -->
