<?xml version="1.0" encoding="UTF-8"?>
<!-- Generated by org.testng.reporters.JUnitReportReporter -->
<testsuite hostname="ExcelR" failures="0" tests="4" name="com.excelr.selenium.demo.DataProvider2" time="38.205" errors="0" timestamp="2025-07-21T08:54:03 IST" skipped="0">
  <testcase classname="com.excelr.selenium.demo.DataProvider2" name="searchMethod" time="9.696"/>
  <testcase classname="com.excelr.selenium.demo.DataProvider2" name="searchMethod" time="9.849"/>
  <testcase classname="com.excelr.selenium.demo.DataProvider2" name="searchMethod" time="9.738"/>
  <testcase classname="com.excelr.selenium.demo.DataProvider2" name="searchMethod" time="8.922"/>
</testsuite> <!-- com.excelr.selenium.demo.DataProvider2 -->
